<?xml version="1.0" encoding="UTF-8"?>
<!-- Generated by org.testng.reporters.JUnitReportReporter -->
<testsuite hostname="LIN-PG02HH9C" failures="0" tests="1" name="testcases.LoginTestCases" time="5.759" errors="0" timestamp="2024-03-12T14:35:46 IST" skipped="0">
  <testcase classname="testcases.LoginTestCases" name="Login" time="5.759"/>
  <system-out/>
</testsuite> <!-- testcases.LoginTestCases -->
