<?xml version="1.0" encoding="UTF-8"?>
<!-- Generated by org.testng.reporters.JUnitReportReporter -->
<testsuite hostname="LIN-PG02HH9C" failures="0" tests="1" name="testcases.LoginTestCases" time="12.469" errors="0" timestamp="2024-03-22T10:46:20 IST" skipped="0">
  <testcase classname="testcases.LoginTestCases" name="Login" time="12.469"/>
  <system-out/>
</testsuite> <!-- testcases.LoginTestCases -->
